[ 2013-04-19T16:36:01+08:00 ] 127.0.0.1 /pinphp/
INFO: [ app_begin ] --START--
INFO: Run ReadHtmlCache Behavior [ RunTime:0.000860s ]
SQL: SHOW COLUMNS FROM `pin_ipban` [ RunTime:0.019648s ]
SQL: DELETE FROM `pin_ipban` WHERE expires_time <> 0 AND expires_time < 1366360561 [ RunTime:0.001868s ]
SQL: SELECT COUNT(*) AS tp_count FROM `pin_ipban` WHERE ( `type` = 'ip' ) AND ( `name` = '127.0.0.1' ) LIMIT 1   [ RunTime:0.000297s ]
INFO: Run check_ipban Behavior [ RunTime:-0.000062s ]
INFO: Run load_lang Behavior [ RunTime:-0.041007s ]
INFO: [ app_begin ] --END-- [ RunTime:0.043813s ]
SQL: SHOW COLUMNS FROM `pin_item` [ RunTime:0.002981s ]
SQL: SELECT COUNT(id) AS tp_count FROM `pin_item` WHERE ( `status` = 1 ) LIMIT 1   [ RunTime:0.001561s ]
SQL: SELECT `id`,`uid`,`uname`,`title`,`intro`,`img`,`price`,`likes`,`comments`,`comments_cache` FROM `pin_item` WHERE ( `status` = 1 ) ORDER BY hits DESC,id DESC LIMIT 0,10   [ RunTime:0.000544s ]
INFO: [ view_template ] --START--
INFO: Run basic_template Behavior [ RunTime:-0.056759s ]
INFO: [ view_template ] --END-- [ RunTime:0.001640s ]
INFO: [ view_parse ] --START--
INFO: [ view_template ] --START--
INFO: Run basic_template Behavior [ RunTime:-0.062039s ]
INFO: [ view_template ] --END-- [ RunTime:-0.003617s ]
INFO: [ view_template ] --START--
INFO: Run basic_template Behavior [ RunTime:-0.062774s ]
INFO: [ view_template ] --END-- [ RunTime:-0.004370s ]
SQL: SHOW COLUMNS FROM `pin_nav` [ RunTime:0.003350s ]
SQL: SELECT `type`,`name`,`alias`,`link`,`target` FROM `pin_nav` WHERE status=1 ORDER BY ordid  [ RunTime:0.002279s ]
INFO: Run ParseTemplate Behavior [ RunTime:-0.062774s ]
INFO: [ view_parse ] --END-- [ RunTime:0.035155s ]
INFO: [ view_filter ] --START--
INFO: Run ContentReplace Behavior [ RunTime:-0.093677s ]
INFO: Run TokenBuild Behavior [ RunTime:-0.095311s ]
INFO: Run WriteHtmlCache Behavior [ RunTime:-0.096873s ]
INFO: Run ShowRuntime Behavior [ RunTime:-0.098081s ]
INFO: Run content_replace Behavior [ RunTime:-0.100315s ]
INFO: [ view_filter ] --END-- [ RunTime:0.007536s ]
INFO: [ view_end ] --START--
INFO: Run ShowPageTrace Behavior [ RunTime:-0.101314s ]
INFO: [ view_end ] --END-- [ RunTime:0.001381s ]

[ 2013-04-19T16:36:01+08:00 ] ERR: (ThinkException) 无法加载模块:static/css/yungo/style.css
[ 2013-04-19T16:37:10+08:00 ] ERR: (ThinkException) 模板不存在[./app/Tpl/home/default/public/shortcut.html]
[ 2013-04-19T16:46:14+08:00 ] 127.0.0.1 /pinphp/
INFO: [ app_begin ] --START--
INFO: Run ReadHtmlCache Behavior [ RunTime:0.001685s ]
SQL: SHOW COLUMNS FROM `pin_ipban` [ RunTime:0.002824s ]
SQL: DELETE FROM `pin_ipban` WHERE expires_time <> 0 AND expires_time < 1366361174 [ RunTime:0.001678s ]
SQL: SELECT COUNT(*) AS tp_count FROM `pin_ipban` WHERE ( `type` = 'ip' ) AND ( `name` = '127.0.0.1' ) LIMIT 1   [ RunTime:0.000271s ]
INFO: Run check_ipban Behavior [ RunTime:-0.000090s ]
INFO: Run load_lang Behavior [ RunTime:-0.034049s ]
INFO: [ app_begin ] --END-- [ RunTime:0.037908s ]
SQL: SHOW COLUMNS FROM `pin_item` [ RunTime:0.003571s ]
SQL: SELECT COUNT(id) AS tp_count FROM `pin_item` WHERE ( `status` = 1 ) LIMIT 1   [ RunTime:0.001673s ]
SQL: SELECT `id`,`uid`,`uname`,`title`,`intro`,`img`,`price`,`likes`,`comments`,`comments_cache` FROM `pin_item` WHERE ( `status` = 1 ) ORDER BY hits DESC,id DESC LIMIT 0,10   [ RunTime:0.000557s ]
INFO: [ view_template ] --START--
INFO: Run basic_template Behavior [ RunTime:-0.051971s ]
INFO: [ view_template ] --END-- [ RunTime:0.001684s ]
INFO: [ view_parse ] --START--
INFO: [ view_template ] --START--
INFO: Run basic_template Behavior [ RunTime:-0.058511s ]
INFO: [ view_template ] --END-- [ RunTime:-0.004832s ]
INFO: [ view_template ] --START--
INFO: Run basic_template Behavior [ RunTime:-0.059669s ]
INFO: [ view_template ] --END-- [ RunTime:-0.006007s ]
INFO: [ view_template ] --START--
INFO: Run basic_template Behavior [ RunTime:-0.060764s ]
INFO: [ view_template ] --END-- [ RunTime:-0.007100s ]
INFO: Run ParseTemplate Behavior [ RunTime:-0.060764s ]
INFO: [ view_parse ] --END-- [ RunTime:0.020964s ]
INFO: [ view_filter ] --START--
INFO: Run ContentReplace Behavior [ RunTime:-0.074728s ]
INFO: Run TokenBuild Behavior [ RunTime:-0.075540s ]
INFO: Run WriteHtmlCache Behavior [ RunTime:-0.076331s ]
INFO: Run ShowRuntime Behavior [ RunTime:-0.076944s ]
INFO: Run content_replace Behavior [ RunTime:-0.077770s ]
INFO: [ view_filter ] --END-- [ RunTime:0.003818s ]
INFO: [ view_end ] --START--
INFO: Run ShowPageTrace Behavior [ RunTime:-0.078638s ]
INFO: [ view_end ] --END-- [ RunTime:0.000990s ]

[ 2013-04-19T16:46:14+08:00 ] ERR: (ThinkException) 无法加载模块:static/css/yungo/style.css
[ 2013-04-19T16:49:26+08:00 ] 127.0.0.1 /pinphp/
INFO: [ app_begin ] --START--
INFO: Run ReadHtmlCache Behavior [ RunTime:0.000799s ]
SQL: SHOW COLUMNS FROM `pin_ipban` [ RunTime:0.011365s ]
SQL: DELETE FROM `pin_ipban` WHERE expires_time <> 0 AND expires_time < 1366361366 [ RunTime:0.001648s ]
SQL: SELECT COUNT(*) AS tp_count FROM `pin_ipban` WHERE ( `type` = 'ip' ) AND ( `name` = '127.0.0.1' ) LIMIT 1   [ RunTime:0.000269s ]
INFO: Run check_ipban Behavior [ RunTime:-0.000057s ]
INFO: Run load_lang Behavior [ RunTime:-0.030553s ]
INFO: [ app_begin ] --END-- [ RunTime:0.033090s ]
SQL: SHOW COLUMNS FROM `pin_item` [ RunTime:0.003141s ]
SQL: SELECT COUNT(id) AS tp_count FROM `pin_item` WHERE ( `status` = 1 ) LIMIT 1   [ RunTime:0.001864s ]
SQL: SELECT `id`,`uid`,`uname`,`title`,`intro`,`img`,`price`,`likes`,`comments`,`comments_cache` FROM `pin_item` WHERE ( `status` = 1 ) ORDER BY hits DESC,id DESC LIMIT 0,10   [ RunTime:0.000561s ]
INFO: [ view_template ] --START--
INFO: Run basic_template Behavior [ RunTime:-0.046706s ]
INFO: [ view_template ] --END-- [ RunTime:0.001547s ]
INFO: [ view_parse ] --START--
INFO: [ view_template ] --START--
INFO: Run basic_template Behavior [ RunTime:-0.051602s ]
INFO: [ view_template ] --END-- [ RunTime:-0.003339s ]
INFO: [ view_template ] --START--
INFO: Run basic_template Behavior [ RunTime:-0.052595s ]
INFO: [ view_template ] --END-- [ RunTime:-0.004335s ]
INFO: [ view_template ] --START--
INFO: Run basic_template Behavior [ RunTime:-0.054021s ]
INFO: [ view_template ] --END-- [ RunTime:-0.005712s ]
INFO: Run ParseTemplate Behavior [ RunTime:-0.054021s ]
INFO: [ view_parse ] --END-- [ RunTime:0.017911s ]
INFO: [ view_filter ] --START--
INFO: Run ContentReplace Behavior [ RunTime:-0.066275s ]
INFO: Run TokenBuild Behavior [ RunTime:-0.066872s ]
INFO: Run WriteHtmlCache Behavior [ RunTime:-0.067510s ]
INFO: Run ShowRuntime Behavior [ RunTime:-0.068344s ]
INFO: Run content_replace Behavior [ RunTime:-0.069009s ]
INFO: [ view_filter ] --END-- [ RunTime:0.003282s ]
INFO: [ view_end ] --START--
INFO: Run ShowPageTrace Behavior [ RunTime:-0.069653s ]
INFO: [ view_end ] --END-- [ RunTime:0.000776s ]

[ 2013-04-19T16:49:26+08:00 ] ERR: (ThinkException) 无法加载模块:static/css/yungo/style.css
[ 2013-04-19T16:50:00+08:00 ] 127.0.0.1 /pinphp/
INFO: [ app_begin ] --START--
INFO: Run ReadHtmlCache Behavior [ RunTime:0.000735s ]
SQL: SHOW COLUMNS FROM `pin_ipban` [ RunTime:0.002366s ]
SQL: DELETE FROM `pin_ipban` WHERE expires_time <> 0 AND expires_time < 1366361400 [ RunTime:0.002002s ]
SQL: SELECT COUNT(*) AS tp_count FROM `pin_ipban` WHERE ( `type` = 'ip' ) AND ( `name` = '127.0.0.1' ) LIMIT 1   [ RunTime:0.000295s ]
INFO: Run check_ipban Behavior [ RunTime:-0.000063s ]
INFO: Run load_lang Behavior [ RunTime:-0.047195s ]
INFO: [ app_begin ] --END-- [ RunTime:0.049718s ]
SQL: SHOW COLUMNS FROM `pin_item` [ RunTime:0.003098s ]
SQL: SELECT COUNT(id) AS tp_count FROM `pin_item` WHERE ( `status` = 1 ) LIMIT 1   [ RunTime:0.002223s ]
SQL: SELECT `id`,`uid`,`uname`,`title`,`intro`,`img`,`price`,`likes`,`comments`,`comments_cache` FROM `pin_item` WHERE ( `status` = 1 ) ORDER BY hits DESC,id DESC LIMIT 0,10   [ RunTime:0.000573s ]
INFO: [ view_template ] --START--
INFO: Run basic_template Behavior [ RunTime:-0.064261s ]
INFO: [ view_template ] --END-- [ RunTime:0.002737s ]
INFO: [ view_parse ] --START--
INFO: [ view_template ] --START--
INFO: Run basic_template Behavior [ RunTime:-0.070754s ]
INFO: [ view_template ] --END-- [ RunTime:-0.003741s ]
INFO: [ view_template ] --START--
INFO: Run basic_template Behavior [ RunTime:-0.075143s ]
INFO: [ view_template ] --END-- [ RunTime:-0.008140s ]
INFO: [ view_template ] --START--
INFO: Run basic_template Behavior [ RunTime:-0.077171s ]
INFO: [ view_template ] --END-- [ RunTime:-0.010159s ]
INFO: Run ParseTemplate Behavior [ RunTime:-0.077171s ]
INFO: [ view_parse ] --END-- [ RunTime:0.024159s ]
INFO: [ view_filter ] --START--
INFO: Run ContentReplace Behavior [ RunTime:-0.091279s ]
INFO: Run TokenBuild Behavior [ RunTime:-0.093126s ]
INFO: Run WriteHtmlCache Behavior [ RunTime:-0.093854s ]
INFO: Run ShowRuntime Behavior [ RunTime:-0.094340s ]
INFO: Run content_replace Behavior [ RunTime:-0.095724s ]
INFO: [ view_filter ] --END-- [ RunTime:0.005174s ]
INFO: [ view_end ] --START--
INFO: Run ShowPageTrace Behavior [ RunTime:-0.096562s ]
INFO: [ view_end ] --END-- [ RunTime:0.001193s ]

[ 2013-04-19T16:50:00+08:00 ] ERR: (ThinkException) 无法加载模块:static/css/yungo/style.css
[ 2013-04-19T16:53:23+08:00 ] 127.0.0.1 /pinphp/
INFO: [ app_begin ] --START--
INFO: Run ReadHtmlCache Behavior [ RunTime:0.001127s ]
SQL: SHOW COLUMNS FROM `pin_ipban` [ RunTime:0.002605s ]
SQL: DELETE FROM `pin_ipban` WHERE expires_time <> 0 AND expires_time < 1366361603 [ RunTime:0.002567s ]
SQL: SELECT COUNT(*) AS tp_count FROM `pin_ipban` WHERE ( `type` = 'ip' ) AND ( `name` = '127.0.0.1' ) LIMIT 1   [ RunTime:0.000279s ]
INFO: Run check_ipban Behavior [ RunTime:-0.000114s ]
INFO: Run load_lang Behavior [ RunTime:-0.026931s ]
INFO: [ app_begin ] --END-- [ RunTime:0.030334s ]
SQL: SHOW COLUMNS FROM `pin_item` [ RunTime:0.003036s ]
SQL: SELECT COUNT(id) AS tp_count FROM `pin_item` WHERE ( `status` = 1 ) LIMIT 1   [ RunTime:0.001923s ]
SQL: SELECT `id`,`uid`,`uname`,`title`,`intro`,`img`,`price`,`likes`,`comments`,`comments_cache` FROM `pin_item` WHERE ( `status` = 1 ) ORDER BY hits DESC,id DESC LIMIT 0,10   [ RunTime:0.000543s ]
INFO: [ view_template ] --START--
INFO: Run basic_template Behavior [ RunTime:-0.043391s ]
INFO: [ view_template ] --END-- [ RunTime:0.001343s ]
INFO: [ view_parse ] --START--
INFO: [ view_template ] --START--
INFO: Run basic_template Behavior [ RunTime:-0.047930s ]
INFO: [ view_template ] --END-- [ RunTime:-0.003189s ]
INFO: [ view_template ] --START--
INFO: Run basic_template Behavior [ RunTime:-0.048524s ]
INFO: [ view_template ] --END-- [ RunTime:-0.003793s ]
INFO: [ view_template ] --START--
INFO: Run basic_template Behavior [ RunTime:-0.048999s ]
INFO: [ view_template ] --END-- [ RunTime:-0.004268s ]
INFO: Run ParseTemplate Behavior [ RunTime:-0.048999s ]
INFO: [ view_parse ] --END-- [ RunTime:0.016439s ]
INFO: [ view_filter ] --START--
INFO: Run ContentReplace Behavior [ RunTime:-0.061284s ]
INFO: Run TokenBuild Behavior [ RunTime:-0.061889s ]
INFO: Run WriteHtmlCache Behavior [ RunTime:-0.062638s ]
INFO: Run ShowRuntime Behavior [ RunTime:-0.063100s ]
INFO: Run content_replace Behavior [ RunTime:-0.063733s ]
INFO: [ view_filter ] --END-- [ RunTime:0.002996s ]
INFO: [ view_end ] --START--
INFO: Run ShowPageTrace Behavior [ RunTime:-0.064372s ]
INFO: [ view_end ] --END-- [ RunTime:0.000786s ]

[ 2013-04-19T16:53:23+08:00 ] ERR: (ThinkException) 无法加载模块:static/css/yungo/style.css
[ 2013-04-19T16:54:35+08:00 ] 127.0.0.1 /pinphp/
INFO: [ app_begin ] --START--
INFO: Run ReadHtmlCache Behavior [ RunTime:0.000639s ]
SQL: SHOW COLUMNS FROM `pin_ipban` [ RunTime:0.025294s ]
SQL: DELETE FROM `pin_ipban` WHERE expires_time <> 0 AND expires_time < 1366361675 [ RunTime:0.001682s ]
SQL: SELECT COUNT(*) AS tp_count FROM `pin_ipban` WHERE ( `type` = 'ip' ) AND ( `name` = '127.0.0.1' ) LIMIT 1   [ RunTime:0.000273s ]
INFO: Run check_ipban Behavior [ RunTime:-0.000058s ]
INFO: Run load_lang Behavior [ RunTime:-0.044803s ]
INFO: [ app_begin ] --END-- [ RunTime:0.046912s ]
SQL: SHOW COLUMNS FROM `pin_item` [ RunTime:0.003041s ]
SQL: SELECT COUNT(id) AS tp_count FROM `pin_item` WHERE ( `status` = 1 ) LIMIT 1   [ RunTime:0.002397s ]
SQL: SELECT `id`,`uid`,`uname`,`title`,`intro`,`img`,`price`,`likes`,`comments`,`comments_cache` FROM `pin_item` WHERE ( `status` = 1 ) ORDER BY hits DESC,id DESC LIMIT 0,10   [ RunTime:0.000556s ]
INFO: [ view_template ] --START--
INFO: Run basic_template Behavior [ RunTime:-0.059828s ]
INFO: [ view_template ] --END-- [ RunTime:0.000858s ]
INFO: [ view_parse ] --START--
INFO: [ view_template ] --START--
INFO: Run basic_template Behavior [ RunTime:-0.063568s ]
INFO: [ view_template ] --END-- [ RunTime:-0.002879s ]
INFO: [ view_template ] --START--
INFO: Run basic_template Behavior [ RunTime:-0.063984s ]
INFO: [ view_template ] --END-- [ RunTime:-0.003301s ]
INFO: [ view_template ] --START--
INFO: Run basic_template Behavior [ RunTime:-0.064404s ]
INFO: [ view_template ] --END-- [ RunTime:-0.003719s ]
INFO: Run ParseTemplate Behavior [ RunTime:-0.064404s ]
INFO: [ view_parse ] --END-- [ RunTime:0.014587s ]
INFO: [ view_filter ] --START--
INFO: Run ContentReplace Behavior [ RunTime:-0.075381s ]
INFO: Run TokenBuild Behavior [ RunTime:-0.075934s ]
INFO: Run WriteHtmlCache Behavior [ RunTime:-0.076685s ]
INFO: Run ShowRuntime Behavior [ RunTime:-0.077093s ]
INFO: Run content_replace Behavior [ RunTime:-0.077684s ]
INFO: [ view_filter ] --END-- [ RunTime:0.002866s ]
INFO: [ view_end ] --START--
INFO: Run ShowPageTrace Behavior [ RunTime:-0.078341s ]
INFO: [ view_end ] --END-- [ RunTime:0.000796s ]

[ 2013-04-19T16:54:35+08:00 ] ERR: (ThinkException) 无法加载模块:static/css/yungo/style.css
[ 2013-04-19T16:56:15+08:00 ] 127.0.0.1 /pinphp/
INFO: [ app_begin ] --START--
INFO: Run ReadHtmlCache Behavior [ RunTime:0.000815s ]
SQL: SHOW COLUMNS FROM `pin_ipban` [ RunTime:0.002511s ]
SQL: DELETE FROM `pin_ipban` WHERE expires_time <> 0 AND expires_time < 1366361775 [ RunTime:0.003831s ]
SQL: SELECT COUNT(*) AS tp_count FROM `pin_ipban` WHERE ( `type` = 'ip' ) AND ( `name` = '127.0.0.1' ) LIMIT 1   [ RunTime:0.000378s ]
INFO: Run check_ipban Behavior [ RunTime:-0.000063s ]
INFO: Run load_lang Behavior [ RunTime:-0.026218s ]
INFO: [ app_begin ] --END-- [ RunTime:0.031830s ]
SQL: SHOW COLUMNS FROM `pin_item` [ RunTime:0.002955s ]
SQL: SELECT COUNT(id) AS tp_count FROM `pin_item` WHERE ( `status` = 1 ) LIMIT 1   [ RunTime:0.002370s ]
SQL: SELECT `id`,`uid`,`uname`,`title`,`intro`,`img`,`price`,`likes`,`comments`,`comments_cache` FROM `pin_item` WHERE ( `status` = 1 ) ORDER BY hits DESC,id DESC LIMIT 0,10   [ RunTime:0.000682s ]
INFO: [ view_template ] --START--
INFO: Run basic_template Behavior [ RunTime:-0.048087s ]
INFO: [ view_template ] --END-- [ RunTime:0.002067s ]
INFO: [ view_parse ] --START--
INFO: [ view_template ] --START--
INFO: Run basic_template Behavior [ RunTime:-0.054102s ]
INFO: [ view_template ] --END-- [ RunTime:-0.003938s ]
INFO: [ view_template ] --START--
INFO: Run basic_template Behavior [ RunTime:-0.054925s ]
INFO: [ view_template ] --END-- [ RunTime:-0.004775s ]
INFO: [ view_template ] --START--
INFO: Run basic_template Behavior [ RunTime:-0.055679s ]
INFO: [ view_template ] --END-- [ RunTime:-0.005529s ]
INFO: Run ParseTemplate Behavior [ RunTime:-0.055679s ]
INFO: [ view_parse ] --END-- [ RunTime:0.017441s ]
INFO: [ view_filter ] --START--
INFO: Run ContentReplace Behavior [ RunTime:-0.067713s ]
INFO: Run TokenBuild Behavior [ RunTime:-0.068476s ]
INFO: Run WriteHtmlCache Behavior [ RunTime:-0.069084s ]
INFO: Run ShowRuntime Behavior [ RunTime:-0.069572s ]
INFO: Run content_replace Behavior [ RunTime:-0.070272s ]
INFO: [ view_filter ] --END-- [ RunTime:0.003267s ]
INFO: [ view_end ] --START--
INFO: Run ShowPageTrace Behavior [ RunTime:-0.071071s ]
INFO: [ view_end ] --END-- [ RunTime:0.000846s ]

[ 2013-04-19T16:56:15+08:00 ] ERR: (ThinkException) 无法加载模块:static/css/yungo/style.css
[ 2013-04-19T17:02:30+08:00 ] 127.0.0.1 /pinphp/
INFO: [ app_begin ] --START--
INFO: Run ReadHtmlCache Behavior [ RunTime:0.000808s ]
SQL: SHOW COLUMNS FROM `pin_ipban` [ RunTime:0.002584s ]
SQL: DELETE FROM `pin_ipban` WHERE expires_time <> 0 AND expires_time < 1366362150 [ RunTime:0.004734s ]
SQL: SELECT COUNT(*) AS tp_count FROM `pin_ipban` WHERE ( `type` = 'ip' ) AND ( `name` = '127.0.0.1' ) LIMIT 1   [ RunTime:0.000280s ]
INFO: Run check_ipban Behavior [ RunTime:-0.000057s ]
INFO: Run load_lang Behavior [ RunTime:-0.025435s ]
INFO: [ app_begin ] --END-- [ RunTime:0.028869s ]
SQL: SHOW COLUMNS FROM `pin_item` [ RunTime:0.003433s ]
SQL: SELECT COUNT(id) AS tp_count FROM `pin_item` WHERE ( `status` = 1 ) LIMIT 1   [ RunTime:0.003971s ]
SQL: SELECT `id`,`uid`,`uname`,`title`,`intro`,`img`,`price`,`likes`,`comments`,`comments_cache` FROM `pin_item` WHERE ( `status` = 1 ) ORDER BY hits DESC,id DESC LIMIT 0,10   [ RunTime:0.000585s ]
INFO: [ view_template ] --START--
INFO: Run basic_template Behavior [ RunTime:-0.066300s ]
INFO: [ view_template ] --END-- [ RunTime:0.001809s ]
INFO: [ view_parse ] --START--
INFO: [ view_template ] --START--
INFO: Run basic_template Behavior [ RunTime:-0.071489s ]
INFO: [ view_template ] --END-- [ RunTime:-0.003376s ]
INFO: [ view_template ] --START--
INFO: Run basic_template Behavior [ RunTime:-0.072254s ]
INFO: [ view_template ] --END-- [ RunTime:-0.004151s ]
INFO: [ view_template ] --START--
INFO: Run basic_template Behavior [ RunTime:-0.073000s ]
INFO: [ view_template ] --END-- [ RunTime:-0.004897s ]
INFO: Run ParseTemplate Behavior [ RunTime:-0.073000s ]
INFO: [ view_parse ] --END-- [ RunTime:0.019589s ]
INFO: [ view_filter ] --START--
INFO: Run ContentReplace Behavior [ RunTime:-0.087828s ]
INFO: Run TokenBuild Behavior [ RunTime:-0.088735s ]
INFO: Run WriteHtmlCache Behavior [ RunTime:-0.089536s ]
INFO: Run ShowRuntime Behavior [ RunTime:-0.090090s ]
INFO: Run content_replace Behavior [ RunTime:-0.091029s ]
INFO: [ view_filter ] --END-- [ RunTime:0.004032s ]
INFO: [ view_end ] --START--
INFO: Run ShowPageTrace Behavior [ RunTime:-0.092317s ]
INFO: [ view_end ] --END-- [ RunTime:0.001114s ]

[ 2013-04-19T17:02:30+08:00 ] ERR: (ThinkException) 无法加载模块:static/css/yungo/style.css
