[ 2013-04-26T00:01:07+08:00 ] 127.0.0.1 /yungo/index.php?g=admin&m=item&a=index&menuid=52
INFO: [ app_begin ] --START--
INFO: Run ReadHtmlCache Behavior [ RunTime:0.000576s ]
SQL: SHOW COLUMNS FROM `pin_ipban` [ RunTime:0.001504s ]
SQL: DELETE FROM `pin_ipban` WHERE expires_time <> 0 AND expires_time < 1366905666 [ RunTime:0.000157s ]
SQL: SELECT COUNT(*) AS tp_count FROM `pin_ipban` WHERE ( `type` = 'ip' ) AND ( `name` = '127.0.0.1' ) LIMIT 1   [ RunTime:0.000195s ]
INFO: Run check_ipban Behavior [ RunTime:-0.000027s ]
INFO: Run load_lang Behavior [ RunTime:-0.020211s ]
INFO: [ app_begin ] --END-- [ RunTime:0.022975s ]
SQL: SHOW COLUMNS FROM `pin_menu` [ RunTime:0.002248s ]
SQL: SHOW COLUMNS FROM `pin_menu` [ RunTime:0.001518s ]
SQL: SELECT * FROM `pin_menu` WHERE (  ( `pid` = 52 ) ) AND ( `display` = 1 ) ORDER BY ordid  [ RunTime:0.000299s ]
NOTIC: [2] strpos(): Empty needle E:\php\nginx-1.1.7\html\yungo\app\Lib\Action\backendAction.class.php 第 21 行.
SQL: SHOW COLUMNS FROM `pin_item` [ RunTime:0.001817s ]
SQL: SHOW COLUMNS FROM `pin_item_cate` [ RunTime:0.002131s ]
SQL: SELECT `id`,`name` FROM `pin_item_cate`  [ RunTime:0.000934s ]
NOTIC: [8] Undefined index: status E:\php\nginx-1.1.7\html\yungo\app\Lib\Action\admin\itemAction.class.php 第 48 行.
NOTIC: [8] Undefined variable: spid E:\php\nginx-1.1.7\html\yungo\app\Lib\Action\admin\itemAction.class.php 第 64 行.
SQL: SELECT COUNT(id) AS tp_count FROM `pin_item` LIMIT 1   [ RunTime:0.000220s ]
SQL: SELECT * FROM `pin_item` ORDER BY ordid ASC, add_time DESC LIMIT 0,20   [ RunTime:0.000539s ]
INFO: [ view_template ] --START--
INFO: Run basic_template Behavior [ RunTime:-0.042917s ]
INFO: [ view_template ] --END-- [ RunTime:0.001038s ]
INFO: [ view_parse ] --START--
INFO: [ view_template ] --START--
INFO: Run basic_template Behavior [ RunTime:-0.046620s ]
INFO: [ view_template ] --END-- [ RunTime:-0.002652s ]
INFO: [ view_template ] --START--
INFO: Run basic_template Behavior [ RunTime:-0.047396s ]
INFO: [ view_template ] --END-- [ RunTime:-0.003440s ]
NOTIC: [8] Undefined index: colors E:\php\nginx-1.1.7\html\yungo\data\runtime\Cache\admin\6090765389774d6a15ddce11022e141b.php 第 122 行.
NOTIC: [8] Undefined index: colors E:\php\nginx-1.1.7\html\yungo\data\runtime\Cache\admin\6090765389774d6a15ddce11022e141b.php 第 122 行.
NOTIC: [8] Undefined index: colors E:\php\nginx-1.1.7\html\yungo\data\runtime\Cache\admin\6090765389774d6a15ddce11022e141b.php 第 122 行.
NOTIC: [8] Undefined index: colors E:\php\nginx-1.1.7\html\yungo\data\runtime\Cache\admin\6090765389774d6a15ddce11022e141b.php 第 122 行.
NOTIC: [8] Undefined index: colors E:\php\nginx-1.1.7\html\yungo\data\runtime\Cache\admin\6090765389774d6a15ddce11022e141b.php 第 122 行.
NOTIC: [8] Undefined index: colors E:\php\nginx-1.1.7\html\yungo\data\runtime\Cache\admin\6090765389774d6a15ddce11022e141b.php 第 122 行.
NOTIC: [8] Undefined index: colors E:\php\nginx-1.1.7\html\yungo\data\runtime\Cache\admin\6090765389774d6a15ddce11022e141b.php 第 122 行.
NOTIC: [8] Undefined index: colors E:\php\nginx-1.1.7\html\yungo\data\runtime\Cache\admin\6090765389774d6a15ddce11022e141b.php 第 122 行.
NOTIC: [8] Undefined index: colors E:\php\nginx-1.1.7\html\yungo\data\runtime\Cache\admin\6090765389774d6a15ddce11022e141b.php 第 122 行.
NOTIC: [8] Undefined index: colors E:\php\nginx-1.1.7\html\yungo\data\runtime\Cache\admin\6090765389774d6a15ddce11022e141b.php 第 122 行.
NOTIC: [8] Undefined index: colors E:\php\nginx-1.1.7\html\yungo\data\runtime\Cache\admin\6090765389774d6a15ddce11022e141b.php 第 122 行.
NOTIC: [8] Undefined index: colors E:\php\nginx-1.1.7\html\yungo\data\runtime\Cache\admin\6090765389774d6a15ddce11022e141b.php 第 122 行.
NOTIC: [8] Undefined index: colors E:\php\nginx-1.1.7\html\yungo\data\runtime\Cache\admin\6090765389774d6a15ddce11022e141b.php 第 122 行.
NOTIC: [8] Undefined index: colors E:\php\nginx-1.1.7\html\yungo\data\runtime\Cache\admin\6090765389774d6a15ddce11022e141b.php 第 122 行.
NOTIC: [8] Undefined index: colors E:\php\nginx-1.1.7\html\yungo\data\runtime\Cache\admin\6090765389774d6a15ddce11022e141b.php 第 122 行.
NOTIC: [8] Undefined index: colors E:\php\nginx-1.1.7\html\yungo\data\runtime\Cache\admin\6090765389774d6a15ddce11022e141b.php 第 122 行.
NOTIC: [8] Undefined index: colors E:\php\nginx-1.1.7\html\yungo\data\runtime\Cache\admin\6090765389774d6a15ddce11022e141b.php 第 122 行.
NOTIC: [8] Undefined index: colors E:\php\nginx-1.1.7\html\yungo\data\runtime\Cache\admin\6090765389774d6a15ddce11022e141b.php 第 122 行.
NOTIC: [8] Undefined index: colors E:\php\nginx-1.1.7\html\yungo\data\runtime\Cache\admin\6090765389774d6a15ddce11022e141b.php 第 122 行.
NOTIC: [8] Undefined index: colors E:\php\nginx-1.1.7\html\yungo\data\runtime\Cache\admin\6090765389774d6a15ddce11022e141b.php 第 122 行.
INFO: Run ParseTemplate Behavior [ RunTime:-0.047396s ]
INFO: [ view_parse ] --END-- [ RunTime:0.020720s ]
INFO: [ view_filter ] --START--
INFO: Run ContentReplace Behavior [ RunTime:-0.064743s ]
INFO: Run TokenBuild Behavior [ RunTime:-0.065518s ]
INFO: Run WriteHtmlCache Behavior [ RunTime:-0.066003s ]
INFO: Run ShowRuntime Behavior [ RunTime:-0.066389s ]
INFO: Run content_replace Behavior [ RunTime:-0.066938s ]
INFO: [ view_filter ] --END-- [ RunTime:0.002643s ]
INFO: [ view_end ] --START--
INFO: Run ShowPageTrace Behavior [ RunTime:-0.067440s ]
INFO: [ view_end ] --END-- [ RunTime:0.000628s ]

[ 2013-04-26T00:03:53+08:00 ] 127.0.0.1 /yungo/
INFO: [ app_begin ] --START--
INFO: Run ReadHtmlCache Behavior [ RunTime:0.000605s ]
SQL: SHOW COLUMNS FROM `pin_ipban` [ RunTime:0.001572s ]
SQL: DELETE FROM `pin_ipban` WHERE expires_time <> 0 AND expires_time < 1366905833 [ RunTime:0.000122s ]
SQL: SELECT COUNT(*) AS tp_count FROM `pin_ipban` WHERE ( `type` = 'ip' ) AND ( `name` = '127.0.0.1' ) LIMIT 1   [ RunTime:0.000132s ]
INFO: Run check_ipban Behavior [ RunTime:-0.000028s ]
INFO: Run load_lang Behavior [ RunTime:-0.020445s ]
INFO: [ app_begin ] --END-- [ RunTime:0.022422s ]
SQL: SHOW COLUMNS FROM `pin_item` [ RunTime:0.001979s ]
SQL: SELECT COUNT(id) AS tp_count FROM `pin_item` WHERE ( `status` = 1 ) LIMIT 1   [ RunTime:0.000222s ]
SQL: SELECT `id`,`uid`,`uname`,`title`,`intro`,`img`,`price`,`likes`,`comments`,`comments_cache` FROM `pin_item` WHERE ( `status` = 1 ) ORDER BY id DESC LIMIT 0,30   [ RunTime:0.000470s ]
INFO: [ view_template ] --START--
INFO: Run basic_template Behavior [ RunTime:-0.031752s ]
INFO: [ view_template ] --END-- [ RunTime:0.001104s ]
INFO: [ view_parse ] --START--
INFO: [ view_template ] --START--
INFO: Run basic_template Behavior [ RunTime:-0.035455s ]
INFO: [ view_template ] --END-- [ RunTime:-0.002598s ]
INFO: [ view_template ] --START--
INFO: Run basic_template Behavior [ RunTime:-0.036263s ]
INFO: [ view_template ] --END-- [ RunTime:-0.003370s ]
INFO: [ view_template ] --START--
INFO: Run basic_template Behavior [ RunTime:-0.037029s ]
INFO: [ view_template ] --END-- [ RunTime:-0.004174s ]
INFO: [ view_template ] --START--
INFO: Run basic_template Behavior [ RunTime:-0.037745s ]
INFO: [ view_template ] --END-- [ RunTime:-0.004851s ]
INFO: Run ParseTemplate Behavior [ RunTime:-0.037745s ]
INFO: [ view_parse ] --END-- [ RunTime:0.017475s ]
INFO: [ view_filter ] --START--
INFO: Run ContentReplace Behavior [ RunTime:-0.050540s ]
INFO: Run TokenBuild Behavior [ RunTime:-0.051560s ]
INFO: Run WriteHtmlCache Behavior [ RunTime:-0.052263s ]
INFO: Run ShowRuntime Behavior [ RunTime:-0.052774s ]
INFO: Run content_replace Behavior [ RunTime:-0.053362s ]
INFO: [ view_filter ] --END-- [ RunTime:0.003336s ]
INFO: [ view_end ] --START--
INFO: Run ShowPageTrace Behavior [ RunTime:-0.053955s ]
INFO: [ view_end ] --END-- [ RunTime:0.000821s ]

[ 2013-04-26T00:04:41+08:00 ] 127.0.0.1 /yungo/
INFO: [ app_begin ] --START--
INFO: Run ReadHtmlCache Behavior [ RunTime:0.000639s ]
SQL: SHOW COLUMNS FROM `pin_ipban` [ RunTime:0.001896s ]
SQL: DELETE FROM `pin_ipban` WHERE expires_time <> 0 AND expires_time < 1366905881 [ RunTime:0.000155s ]
SQL: SELECT COUNT(*) AS tp_count FROM `pin_ipban` WHERE ( `type` = 'ip' ) AND ( `name` = '127.0.0.1' ) LIMIT 1   [ RunTime:0.000170s ]
INFO: Run check_ipban Behavior [ RunTime:-0.000038s ]
INFO: Run load_lang Behavior [ RunTime:-0.012652s ]
INFO: [ app_begin ] --END-- [ RunTime:0.014598s ]
SQL: SHOW COLUMNS FROM `pin_item` [ RunTime:0.001924s ]
SQL: SELECT COUNT(id) AS tp_count FROM `pin_item` WHERE ( `status` = 1 ) LIMIT 1   [ RunTime:0.000181s ]
SQL: SELECT `id`,`uid`,`uname`,`title`,`intro`,`img`,`price`,`likes`,`comments`,`comments_cache` FROM `pin_item` WHERE ( `status` = 1 ) ORDER BY id DESC LIMIT 0,30   [ RunTime:0.000461s ]
INFO: [ view_template ] --START--
INFO: Run basic_template Behavior [ RunTime:-0.023864s ]
INFO: [ view_template ] --END-- [ RunTime:0.000888s ]
INFO: [ view_parse ] --START--
INFO: [ view_template ] --START--
INFO: Run basic_template Behavior [ RunTime:-0.027188s ]
INFO: [ view_template ] --END-- [ RunTime:-0.002436s ]
INFO: [ view_template ] --START--
INFO: Run basic_template Behavior [ RunTime:-0.027914s ]
INFO: [ view_template ] --END-- [ RunTime:-0.003127s ]
INFO: [ view_template ] --START--
INFO: Run basic_template Behavior [ RunTime:-0.028554s ]
INFO: [ view_template ] --END-- [ RunTime:-0.003804s ]
INFO: [ view_template ] --START--
INFO: Run basic_template Behavior [ RunTime:-0.029188s ]
INFO: [ view_template ] --END-- [ RunTime:-0.004398s ]
INFO: Run ParseTemplate Behavior [ RunTime:-0.029188s ]
INFO: [ view_parse ] --END-- [ RunTime:0.016663s ]
INFO: [ view_filter ] --START--
INFO: Run ContentReplace Behavior [ RunTime:-0.041522s ]
INFO: Run TokenBuild Behavior [ RunTime:-0.042418s ]
INFO: Run WriteHtmlCache Behavior [ RunTime:-0.043015s ]
INFO: Run ShowRuntime Behavior [ RunTime:-0.043399s ]
INFO: Run content_replace Behavior [ RunTime:-0.043942s ]
INFO: [ view_filter ] --END-- [ RunTime:0.002798s ]
INFO: [ view_end ] --START--
INFO: Run ShowPageTrace Behavior [ RunTime:-0.044393s ]
INFO: [ view_end ] --END-- [ RunTime:0.000674s ]

[ 2013-04-26T00:08:06+08:00 ] 127.0.0.1 /yungo/
INFO: [ app_begin ] --START--
INFO: Run ReadHtmlCache Behavior [ RunTime:0.000694s ]
SQL: SHOW COLUMNS FROM `pin_ipban` [ RunTime:0.001563s ]
SQL: DELETE FROM `pin_ipban` WHERE expires_time <> 0 AND expires_time < 1366906086 [ RunTime:0.000138s ]
SQL: SELECT COUNT(*) AS tp_count FROM `pin_ipban` WHERE ( `type` = 'ip' ) AND ( `name` = '127.0.0.1' ) LIMIT 1   [ RunTime:0.000151s ]
INFO: Run check_ipban Behavior [ RunTime:-0.000030s ]
INFO: Run load_lang Behavior [ RunTime:-0.021497s ]
INFO: [ app_begin ] --END-- [ RunTime:0.023777s ]
SQL: SHOW COLUMNS FROM `pin_item` [ RunTime:0.001959s ]
SQL: SELECT COUNT(id) AS tp_count FROM `pin_item` WHERE ( `status` = 1 ) LIMIT 1   [ RunTime:0.000202s ]
SQL: SELECT `id`,`uid`,`uname`,`title`,`intro`,`img`,`price`,`likes`,`comments`,`comments_cache` FROM `pin_item` WHERE ( `status` = 1 ) ORDER BY id DESC LIMIT 0,30   [ RunTime:0.000494s ]
INFO: [ view_template ] --START--
INFO: Run basic_template Behavior [ RunTime:-0.033847s ]
INFO: [ view_template ] --END-- [ RunTime:0.001116s ]
INFO: [ view_parse ] --START--
INFO: [ view_template ] --START--
INFO: Run basic_template Behavior [ RunTime:-0.038157s ]
INFO: [ view_template ] --END-- [ RunTime:-0.003193s ]
INFO: [ view_template ] --START--
INFO: Run basic_template Behavior [ RunTime:-0.039109s ]
INFO: [ view_template ] --END-- [ RunTime:-0.004150s ]
INFO: [ view_template ] --START--
INFO: Run basic_template Behavior [ RunTime:-0.040269s ]
INFO: [ view_template ] --END-- [ RunTime:-0.005285s ]
INFO: [ view_template ] --START--
INFO: Run basic_template Behavior [ RunTime:-0.041679s ]
INFO: [ view_template ] --END-- [ RunTime:-0.006691s ]
INFO: Run ParseTemplate Behavior [ RunTime:-0.041679s ]
INFO: [ view_parse ] --END-- [ RunTime:0.037208s ]
INFO: [ view_filter ] --START--
INFO: Run ContentReplace Behavior [ RunTime:-0.072259s ]
INFO: Run TokenBuild Behavior [ RunTime:-0.074010s ]
INFO: Run WriteHtmlCache Behavior [ RunTime:-0.074552s ]
INFO: Run ShowRuntime Behavior [ RunTime:-0.074936s ]
INFO: Run content_replace Behavior [ RunTime:-0.075787s ]
INFO: [ view_filter ] --END-- [ RunTime:0.004321s ]
INFO: [ view_end ] --START--
INFO: Run ShowPageTrace Behavior [ RunTime:-0.076652s ]
INFO: [ view_end ] --END-- [ RunTime:0.000631s ]

[ 2013-04-26T00:17:36+08:00 ] 127.0.0.1 /yungo/
INFO: [ app_begin ] --START--
INFO: Run ReadHtmlCache Behavior [ RunTime:0.000617s ]
SQL: SHOW COLUMNS FROM `pin_ipban` [ RunTime:0.001485s ]
SQL: DELETE FROM `pin_ipban` WHERE expires_time <> 0 AND expires_time < 1366906655 [ RunTime:0.000119s ]
SQL: SELECT COUNT(*) AS tp_count FROM `pin_ipban` WHERE ( `type` = 'ip' ) AND ( `name` = '127.0.0.1' ) LIMIT 1   [ RunTime:0.000115s ]
INFO: Run check_ipban Behavior [ RunTime:-0.000028s ]
INFO: Run load_lang Behavior [ RunTime:-0.012201s ]
INFO: [ app_begin ] --END-- [ RunTime:0.014279s ]
SQL: SHOW COLUMNS FROM `pin_item` [ RunTime:0.002395s ]
SQL: SELECT COUNT(id) AS tp_count FROM `pin_item` WHERE ( `status` = 1 ) LIMIT 1   [ RunTime:0.000373s ]
SQL: SELECT `id`,`uid`,`uname`,`title`,`intro`,`img`,`price`,`likes`,`comments`,`comments_cache` FROM `pin_item` WHERE ( `status` = 1 ) ORDER BY id DESC LIMIT 0,30   [ RunTime:0.000532s ]
INFO: [ view_template ] --START--
INFO: Run basic_template Behavior [ RunTime:-0.025050s ]
INFO: [ view_template ] --END-- [ RunTime:0.001070s ]
INFO: [ view_parse ] --START--
INFO: [ view_template ] --START--
INFO: Run basic_template Behavior [ RunTime:-0.029081s ]
INFO: [ view_template ] --END-- [ RunTime:-0.002960s ]
INFO: [ view_template ] --START--
INFO: Run basic_template Behavior [ RunTime:-0.030009s ]
INFO: [ view_template ] --END-- [ RunTime:-0.003891s ]
INFO: [ view_template ] --START--
INFO: Run basic_template Behavior [ RunTime:-0.030681s ]
INFO: [ view_template ] --END-- [ RunTime:-0.004563s ]
INFO: [ view_template ] --START--
INFO: Run basic_template Behavior [ RunTime:-0.031629s ]
INFO: [ view_template ] --END-- [ RunTime:-0.005482s ]
INFO: Run ParseTemplate Behavior [ RunTime:-0.031629s ]
INFO: [ view_parse ] --END-- [ RunTime:0.037567s ]
INFO: [ view_filter ] --START--
INFO: Run ContentReplace Behavior [ RunTime:-0.063779s ]
INFO: Run TokenBuild Behavior [ RunTime:-0.065323s ]
INFO: Run WriteHtmlCache Behavior [ RunTime:-0.065890s ]
INFO: Run ShowRuntime Behavior [ RunTime:-0.066276s ]
INFO: Run content_replace Behavior [ RunTime:-0.067032s ]
INFO: [ view_filter ] --END-- [ RunTime:0.003950s ]
INFO: [ view_end ] --START--
INFO: Run ShowPageTrace Behavior [ RunTime:-0.067798s ]
INFO: [ view_end ] --END-- [ RunTime:0.000843s ]

[ 2013-04-26T00:18:04+08:00 ] 127.0.0.1 /yungo/
INFO: [ app_begin ] --START--
INFO: Run ReadHtmlCache Behavior [ RunTime:0.000629s ]
SQL: SHOW COLUMNS FROM `pin_ipban` [ RunTime:0.001437s ]
SQL: DELETE FROM `pin_ipban` WHERE expires_time <> 0 AND expires_time < 1366906684 [ RunTime:0.000134s ]
SQL: SELECT COUNT(*) AS tp_count FROM `pin_ipban` WHERE ( `type` = 'ip' ) AND ( `name` = '127.0.0.1' ) LIMIT 1   [ RunTime:0.000116s ]
INFO: Run check_ipban Behavior [ RunTime:-0.000064s ]
INFO: Run load_lang Behavior [ RunTime:-0.021551s ]
INFO: [ app_begin ] --END-- [ RunTime:0.023460s ]
SQL: SHOW COLUMNS FROM `pin_item` [ RunTime:0.002017s ]
SQL: SELECT COUNT(id) AS tp_count FROM `pin_item` WHERE ( `status` = 1 ) LIMIT 1   [ RunTime:0.000211s ]
SQL: SELECT `id`,`uid`,`uname`,`title`,`intro`,`img`,`price`,`likes`,`comments`,`comments_cache` FROM `pin_item` WHERE ( `status` = 1 ) ORDER BY id DESC LIMIT 0,30   [ RunTime:0.000560s ]
INFO: [ view_template ] --START--
INFO: Run basic_template Behavior [ RunTime:-0.032790s ]
INFO: [ view_template ] --END-- [ RunTime:0.000930s ]
INFO: [ view_parse ] --START--
INFO: [ view_template ] --START--
INFO: Run basic_template Behavior [ RunTime:-0.036306s ]
INFO: [ view_template ] --END-- [ RunTime:-0.002585s ]
INFO: [ view_template ] --START--
INFO: Run basic_template Behavior [ RunTime:-0.036960s ]
INFO: [ view_template ] --END-- [ RunTime:-0.003239s ]
INFO: [ view_template ] --START--
INFO: Run basic_template Behavior [ RunTime:-0.037606s ]
INFO: [ view_template ] --END-- [ RunTime:-0.003887s ]
INFO: [ view_template ] --START--
INFO: Run basic_template Behavior [ RunTime:-0.038258s ]
INFO: [ view_template ] --END-- [ RunTime:-0.004501s ]
INFO: Run ParseTemplate Behavior [ RunTime:-0.038258s ]
INFO: [ view_parse ] --END-- [ RunTime:0.017411s ]
INFO: [ view_filter ] --START--
INFO: Run ContentReplace Behavior [ RunTime:-0.051386s ]
INFO: Run TokenBuild Behavior [ RunTime:-0.052155s ]
INFO: Run WriteHtmlCache Behavior [ RunTime:-0.052639s ]
INFO: Run ShowRuntime Behavior [ RunTime:-0.053025s ]
INFO: Run content_replace Behavior [ RunTime:-0.053663s ]
INFO: [ view_filter ] --END-- [ RunTime:0.002811s ]
INFO: [ view_end ] --START--
INFO: Run ShowPageTrace Behavior [ RunTime:-0.054319s ]
INFO: [ view_end ] --END-- [ RunTime:0.000640s ]

[ 2013-04-26T00:23:30+08:00 ] 127.0.0.1 /yungo/
INFO: [ app_begin ] --START--
INFO: Run ReadHtmlCache Behavior [ RunTime:0.000907s ]
SQL: SHOW COLUMNS FROM `pin_ipban` [ RunTime:0.001748s ]
SQL: DELETE FROM `pin_ipban` WHERE expires_time <> 0 AND expires_time < 1366907010 [ RunTime:0.000137s ]
SQL: SELECT COUNT(*) AS tp_count FROM `pin_ipban` WHERE ( `type` = 'ip' ) AND ( `name` = '127.0.0.1' ) LIMIT 1   [ RunTime:0.000196s ]
INFO: Run check_ipban Behavior [ RunTime:-0.000035s ]
INFO: Run load_lang Behavior [ RunTime:-0.021577s ]
INFO: [ app_begin ] --END-- [ RunTime:0.024011s ]
SQL: SHOW COLUMNS FROM `pin_item` [ RunTime:0.002137s ]
SQL: SELECT COUNT(id) AS tp_count FROM `pin_item` WHERE ( `status` = 1 ) LIMIT 1   [ RunTime:0.000288s ]
SQL: SELECT `id`,`uid`,`uname`,`title`,`intro`,`img`,`price`,`likes`,`comments`,`comments_cache` FROM `pin_item` WHERE ( `status` = 1 ) ORDER BY id DESC LIMIT 0,30   [ RunTime:0.000517s ]
INFO: [ view_template ] --START--
INFO: Run basic_template Behavior [ RunTime:-0.033666s ]
INFO: [ view_template ] --END-- [ RunTime:0.001237s ]
INFO: [ view_parse ] --START--
INFO: [ view_template ] --START--
INFO: Run basic_template Behavior [ RunTime:-0.037891s ]
INFO: [ view_template ] --END-- [ RunTime:-0.003012s ]
INFO: [ view_template ] --START--
INFO: Run basic_template Behavior [ RunTime:-0.039020s ]
INFO: [ view_template ] --END-- [ RunTime:-0.004084s ]
INFO: [ view_template ] --START--
INFO: Run basic_template Behavior [ RunTime:-0.040058s ]
INFO: [ view_template ] --END-- [ RunTime:-0.005185s ]
INFO: [ view_template ] --START--
INFO: Run basic_template Behavior [ RunTime:-0.040728s ]
INFO: [ view_template ] --END-- [ RunTime:-0.005856s ]
INFO: Run ParseTemplate Behavior [ RunTime:-0.040728s ]
INFO: [ view_parse ] --END-- [ RunTime:0.021948s ]
INFO: [ view_filter ] --START--
INFO: Run ContentReplace Behavior [ RunTime:-0.057039s ]
INFO: Run TokenBuild Behavior [ RunTime:-0.057958s ]
INFO: Run WriteHtmlCache Behavior [ RunTime:-0.058512s ]
INFO: Run ShowRuntime Behavior [ RunTime:-0.058941s ]
INFO: Run content_replace Behavior [ RunTime:-0.059519s ]
INFO: [ view_filter ] --END-- [ RunTime:0.002949s ]
INFO: [ view_end ] --START--
INFO: Run ShowPageTrace Behavior [ RunTime:-0.060064s ]
INFO: [ view_end ] --END-- [ RunTime:0.000641s ]

[ 2013-04-26T00:23:36+08:00 ] 127.0.0.1 /yungo/index.php?m=item&a=index&id=62
INFO: [ app_begin ] --START--
INFO: Run ReadHtmlCache Behavior [ RunTime:0.000727s ]
SQL: SHOW COLUMNS FROM `pin_ipban` [ RunTime:0.001916s ]
SQL: DELETE FROM `pin_ipban` WHERE expires_time <> 0 AND expires_time < 1366907016 [ RunTime:0.000392s ]
SQL: SELECT COUNT(*) AS tp_count FROM `pin_ipban` WHERE ( `type` = 'ip' ) AND ( `name` = '127.0.0.1' ) LIMIT 1   [ RunTime:0.000209s ]
INFO: Run check_ipban Behavior [ RunTime:-0.000029s ]
INFO: Run load_lang Behavior [ RunTime:-0.012793s ]
INFO: [ app_begin ] --END-- [ RunTime:0.049342s ]
SQL: SHOW COLUMNS FROM `pin_item` [ RunTime:0.002170s ]
SQL: SELECT `id`,`title`,`uid`,`uname`,`intro`,`price`,`url`,`likes`,`comments`,`tag_cache`,`seo_title`,`seo_keys`,`seo_desc`,`add_time` FROM `pin_item` WHERE ( `id` = 62 ) AND ( `status` = 1 ) LIMIT 1   [ RunTime:0.000746s ]
SQL: SHOW COLUMNS FROM `pin_item_orig` [ RunTime:0.001897s ]
NOTIC: [8] Undefined index: orig_id E:\php\nginx-1.1.7\html\yungo\app\Lib\Action\home\itemAction.class.php 第 24 行.
SQL: SELECT `name`,`img` FROM `pin_item_orig` LIMIT 1   [ RunTime:0.000133s ]
SQL: SHOW COLUMNS FROM `pin_item_img` [ RunTime:0.001760s ]
SQL: SELECT `url` FROM `pin_item_img` WHERE ( `item_id` = 62 ) ORDER BY ordid  [ RunTime:0.000262s ]
SQL: SHOW COLUMNS FROM `pin_item_tag` [ RunTime:0.001608s ]
SQL: SELECT i.id,i.img,i.intro,pin_item_tag.tag_id FROM `pin_item_tag` LEFT JOIN pin_item i ON i.id = pin_item_tag.item_id WHERE ( pin_item_tag.tag_id = 333 ) AND ( i.id <> 62 ) ORDER BY i.id DESC LIMIT 9   [ RunTime:0.000661s ]
SQL: SELECT i.id,i.img,i.intro,pin_item_tag.tag_id FROM `pin_item_tag` LEFT JOIN pin_item i ON i.id = pin_item_tag.item_id WHERE ( pin_item_tag.tag_id = 331 ) AND ( i.id <> 62 ) ORDER BY i.id DESC LIMIT 9   [ RunTime:0.000525s ]
SQL: SELECT i.id,i.img,i.intro,pin_item_tag.tag_id FROM `pin_item_tag` LEFT JOIN pin_item i ON i.id = pin_item_tag.item_id WHERE ( pin_item_tag.tag_id = 332 ) AND ( i.id <> 62 ) ORDER BY i.id DESC LIMIT 9   [ RunTime:0.000631s ]
SQL: SHOW COLUMNS FROM `pin_item_comment` [ RunTime:0.002076s ]
SQL: SELECT COUNT(id) AS tp_count FROM `pin_item_comment` WHERE ( `item_id` = 62 ) LIMIT 1   [ RunTime:0.000152s ]
SQL: SELECT * FROM `pin_item_comment` WHERE ( `item_id` = 62 ) ORDER BY id DESC LIMIT 0,8   [ RunTime:0.000122s ]
SQL: UPDATE `pin_item` SET `hits`=hits+1 WHERE ( `id` = 62 ) [ RunTime:0.000199s ]
INFO: [ view_template ] --START--
INFO: Run basic_template Behavior [ RunTime:-0.083102s ]
INFO: [ view_template ] --END-- [ RunTime:0.000914s ]
INFO: [ view_parse ] --START--
INFO: [ view_template ] --START--
INFO: Run basic_template Behavior [ RunTime:-0.096328s ]
INFO: [ view_template ] --END-- [ RunTime:-0.012296s ]
INFO: [ view_template ] --START--
INFO: Run basic_template Behavior [ RunTime:-0.097097s ]
INFO: [ view_template ] --END-- [ RunTime:-0.013078s ]
INFO: [ view_template ] --START--
INFO: Run basic_template Behavior [ RunTime:-0.097750s ]
INFO: [ view_template ] --END-- [ RunTime:-0.013732s ]
INFO: [ view_template ] --START--
INFO: Run basic_template Behavior [ RunTime:-0.098416s ]
INFO: [ view_template ] --END-- [ RunTime:-0.014399s ]
SQL: SHOW COLUMNS FROM `pin_adboard` [ RunTime:0.001972s ]
SQL: SELECT * FROM `pin_adboard` WHERE ( `id` = 14 ) AND ( `status` = 1 ) LIMIT 1   [ RunTime:0.000195s ]
SQL: SHOW COLUMNS FROM `pin_ad` [ RunTime:0.001646s ]
SQL: SELECT `id`,`type`,`name`,`url`,`content`,`desc`,`extimg`,`extval` FROM `pin_ad` WHERE ( `board_id` = 14 ) AND ( `start_time` <= 1366907016 ) AND ( `end_time` >= 1366907016 ) AND ( `status` = 1 ) ORDER BY ordid  [ RunTime:0.000211s ]
INFO: [ view_template ] --START--
INFO: Run basic_template Behavior [ RunTime:-0.126155s ]
INFO: [ view_template ] --END-- [ RunTime:-0.042138s ]
INFO: [ view_parse ] --START--
INFO: Run ParseTemplate Behavior [ RunTime:-0.126548s ]
INFO: [ view_parse ] --END-- [ RunTime:0.002336s ]
INFO: [ view_filter ] --START--
INFO: Run ContentReplace Behavior [ RunTime:-0.128919s ]
INFO: Run TokenBuild Behavior [ RunTime:-0.129448s ]
INFO: Run WriteHtmlCache Behavior [ RunTime:-0.129927s ]
INFO: Run ShowRuntime Behavior [ RunTime:-0.130377s ]
INFO: Run content_replace Behavior [ RunTime:-0.130897s ]
INFO: [ view_filter ] --END-- [ RunTime:0.002329s ]
INFO: [ view_end ] --START--
INFO: Run ShowPageTrace Behavior [ RunTime:-0.131304s ]
INFO: [ view_end ] --END-- [ RunTime:0.000780s ]
NOTIC: [8] Undefined index: title E:\php\nginx-1.1.7\html\yungo\data\runtime\Cache\home\51c31c672c0ef034ae641a30d4ae7487.php 第 144 行.
NOTIC: [8] Undefined index: title E:\php\nginx-1.1.7\html\yungo\data\runtime\Cache\home\51c31c672c0ef034ae641a30d4ae7487.php 第 144 行.
SQL: SELECT * FROM `pin_adboard` WHERE ( `id` = 13 ) AND ( `status` = 1 ) LIMIT 1   [ RunTime:0.000314s ]
SQL: SELECT `id`,`type`,`name`,`url`,`content`,`desc`,`extimg`,`extval` FROM `pin_ad` WHERE ( `board_id` = 13 ) AND ( `start_time` <= 1366907016 ) AND ( `end_time` >= 1366907016 ) AND ( `status` = 1 ) ORDER BY ordid  [ RunTime:0.000220s ]
NOTIC: [2] Invalid argument supplied for foreach() E:\php\nginx-1.1.7\html\yungo\app\Lib\Widget\advertWidget.class.php 第 22 行.
INFO: [ view_template ] --START--
INFO: Run basic_template Behavior [ RunTime:-0.134583s ]
INFO: [ view_template ] --END-- [ RunTime:-0.050563s ]
INFO: [ view_parse ] --START--
INFO: Run ParseTemplate Behavior [ RunTime:-0.134942s ]
INFO: [ view_parse ] --END-- [ RunTime:-0.006059s ]
INFO: [ view_filter ] --START--
INFO: Run ContentReplace Behavior [ RunTime:-0.136987s ]
INFO: Run TokenBuild Behavior [ RunTime:-0.137056s ]
INFO: Run WriteHtmlCache Behavior [ RunTime:-0.137107s ]
INFO: Run ShowRuntime Behavior [ RunTime:-0.137139s ]
INFO: Run content_replace Behavior [ RunTime:-0.137294s ]
INFO: [ view_filter ] --END-- [ RunTime:-0.005735s ]
INFO: [ view_end ] --START--
INFO: Run ShowPageTrace Behavior [ RunTime:-0.137416s ]
INFO: [ view_end ] --END-- [ RunTime:-0.005328s ]
INFO: Run ParseTemplate Behavior [ RunTime:-0.137416s ]
INFO: [ view_parse ] --END-- [ RunTime:-0.006059s ]
INFO: [ view_filter ] --START--
INFO: Run ContentReplace Behavior [ RunTime:-0.137673s ]
INFO: Run TokenBuild Behavior [ RunTime:-0.137876s ]
INFO: Run WriteHtmlCache Behavior [ RunTime:-0.137952s ]
INFO: Run ShowRuntime Behavior [ RunTime:-0.138007s ]
INFO: Run content_replace Behavior [ RunTime:-0.138089s ]
INFO: [ view_filter ] --END-- [ RunTime:-0.006424s ]
INFO: [ view_end ] --START--
INFO: Run ShowPageTrace Behavior [ RunTime:-0.138245s ]
INFO: [ view_end ] --END-- [ RunTime:-0.006161s ]

[ 2013-04-26T00:24:41+08:00 ] 127.0.0.1 /yungo/
INFO: [ app_begin ] --START--
INFO: Run ReadHtmlCache Behavior [ RunTime:0.000943s ]
SQL: SHOW COLUMNS FROM `pin_ipban` [ RunTime:0.001475s ]
SQL: DELETE FROM `pin_ipban` WHERE expires_time <> 0 AND expires_time < 1366907081 [ RunTime:0.000121s ]
SQL: SELECT COUNT(*) AS tp_count FROM `pin_ipban` WHERE ( `type` = 'ip' ) AND ( `name` = '127.0.0.1' ) LIMIT 1   [ RunTime:0.000127s ]
INFO: Run check_ipban Behavior [ RunTime:-0.000090s ]
INFO: Run load_lang Behavior [ RunTime:-0.012039s ]
INFO: [ app_begin ] --END-- [ RunTime:0.014544s ]
SQL: SHOW COLUMNS FROM `pin_item` [ RunTime:0.002204s ]
SQL: SELECT COUNT(id) AS tp_count FROM `pin_item` WHERE ( `status` = 1 ) LIMIT 1   [ RunTime:0.000220s ]
SQL: SELECT `id`,`uid`,`uname`,`title`,`intro`,`img`,`price`,`likes`,`comments`,`comments_cache` FROM `pin_item` WHERE ( `status` = 1 ) ORDER BY id DESC LIMIT 0,30   [ RunTime:0.000488s ]
INFO: [ view_template ] --START--
INFO: Run basic_template Behavior [ RunTime:-0.024476s ]
INFO: [ view_template ] --END-- [ RunTime:0.000973s ]
INFO: [ view_parse ] --START--
INFO: [ view_template ] --START--
INFO: Run basic_template Behavior [ RunTime:-0.028003s ]
INFO: [ view_template ] --END-- [ RunTime:-0.002592s ]
INFO: [ view_template ] --START--
INFO: Run basic_template Behavior [ RunTime:-0.028666s ]
INFO: [ view_template ] --END-- [ RunTime:-0.003256s ]
INFO: [ view_template ] --START--
INFO: Run basic_template Behavior [ RunTime:-0.029305s ]
INFO: [ view_template ] --END-- [ RunTime:-0.003895s ]
INFO: [ view_template ] --START--
INFO: Run basic_template Behavior [ RunTime:-0.029956s ]
INFO: [ view_template ] --END-- [ RunTime:-0.004509s ]
INFO: Run ParseTemplate Behavior [ RunTime:-0.029956s ]
INFO: [ view_parse ] --END-- [ RunTime:0.020116s ]
INFO: [ view_filter ] --START--
INFO: Run ContentReplace Behavior [ RunTime:-0.045722s ]
INFO: Run TokenBuild Behavior [ RunTime:-0.047059s ]
INFO: Run WriteHtmlCache Behavior [ RunTime:-0.047792s ]
INFO: Run ShowRuntime Behavior [ RunTime:-0.048227s ]
INFO: Run content_replace Behavior [ RunTime:-0.048845s ]
INFO: [ view_filter ] --END-- [ RunTime:0.003655s ]
INFO: [ view_end ] --START--
INFO: Run ShowPageTrace Behavior [ RunTime:-0.049463s ]
INFO: [ view_end ] --END-- [ RunTime:0.000692s ]

[ 2013-04-26T00:27:07+08:00 ] 127.0.0.1 /yungo/
INFO: [ app_begin ] --START--
INFO: Run ReadHtmlCache Behavior [ RunTime:0.000630s ]
SQL: SHOW COLUMNS FROM `pin_ipban` [ RunTime:0.001707s ]
SQL: DELETE FROM `pin_ipban` WHERE expires_time <> 0 AND expires_time < 1366907227 [ RunTime:0.000124s ]
SQL: SELECT COUNT(*) AS tp_count FROM `pin_ipban` WHERE ( `type` = 'ip' ) AND ( `name` = '127.0.0.1' ) LIMIT 1   [ RunTime:0.000119s ]
INFO: Run check_ipban Behavior [ RunTime:-0.000030s ]
INFO: Run load_lang Behavior [ RunTime:-0.021197s ]
INFO: [ app_begin ] --END-- [ RunTime:0.023194s ]
SQL: SHOW COLUMNS FROM `pin_item` [ RunTime:0.002528s ]
SQL: SELECT COUNT(id) AS tp_count FROM `pin_item` WHERE ( `status` = 1 ) LIMIT 1   [ RunTime:0.000557s ]
SQL: SELECT `id`,`uid`,`uname`,`title`,`intro`,`img`,`price`,`likes`,`comments`,`comments_cache` FROM `pin_item` WHERE ( `status` = 1 ) ORDER BY id DESC LIMIT 0,30   [ RunTime:0.000529s ]
INFO: [ view_template ] --START--
INFO: Run basic_template Behavior [ RunTime:-0.034053s ]
INFO: [ view_template ] --END-- [ RunTime:0.001046s ]
INFO: [ view_parse ] --START--
INFO: [ view_template ] --START--
INFO: Run basic_template Behavior [ RunTime:-0.037998s ]
INFO: [ view_template ] --END-- [ RunTime:-0.002898s ]
INFO: [ view_template ] --START--
INFO: Run basic_template Behavior [ RunTime:-0.038693s ]
INFO: [ view_template ] --END-- [ RunTime:-0.003593s ]
INFO: [ view_template ] --START--
INFO: Run basic_template Behavior [ RunTime:-0.039351s ]
INFO: [ view_template ] --END-- [ RunTime:-0.004253s ]
INFO: [ view_template ] --START--
INFO: Run basic_template Behavior [ RunTime:-0.040026s ]
INFO: [ view_template ] --END-- [ RunTime:-0.004898s ]
INFO: Run ParseTemplate Behavior [ RunTime:-0.040026s ]
INFO: [ view_parse ] --END-- [ RunTime:0.021232s ]
INFO: [ view_filter ] --START--
INFO: Run ContentReplace Behavior [ RunTime:-0.056435s ]
INFO: Run TokenBuild Behavior [ RunTime:-0.057565s ]
INFO: Run WriteHtmlCache Behavior [ RunTime:-0.058050s ]
INFO: Run ShowRuntime Behavior [ RunTime:-0.058585s ]
INFO: Run content_replace Behavior [ RunTime:-0.059279s ]
INFO: [ view_filter ] --END-- [ RunTime:0.003364s ]
INFO: [ view_end ] --START--
INFO: Run ShowPageTrace Behavior [ RunTime:-0.059861s ]
INFO: [ view_end ] --END-- [ RunTime:0.000748s ]

[ 2013-04-26T00:32:41+08:00 ] 127.0.0.1 /yungo/
INFO: [ app_begin ] --START--
INFO: Run ReadHtmlCache Behavior [ RunTime:0.000627s ]
SQL: SHOW COLUMNS FROM `pin_ipban` [ RunTime:0.001705s ]
SQL: DELETE FROM `pin_ipban` WHERE expires_time <> 0 AND expires_time < 1366907561 [ RunTime:0.000142s ]
SQL: SELECT COUNT(*) AS tp_count FROM `pin_ipban` WHERE ( `type` = 'ip' ) AND ( `name` = '127.0.0.1' ) LIMIT 1   [ RunTime:0.000136s ]
INFO: Run check_ipban Behavior [ RunTime:-0.000026s ]
INFO: Run load_lang Behavior [ RunTime:-0.011894s ]
INFO: [ app_begin ] --END-- [ RunTime:0.013811s ]
SQL: SHOW COLUMNS FROM `pin_item` [ RunTime:0.001768s ]
SQL: SELECT COUNT(id) AS tp_count FROM `pin_item` WHERE ( `status` = 1 ) LIMIT 1   [ RunTime:0.000179s ]
SQL: SELECT `id`,`uid`,`uname`,`title`,`intro`,`img`,`price`,`likes`,`comments`,`comments_cache` FROM `pin_item` WHERE ( `status` = 1 ) ORDER BY id DESC LIMIT 0,30   [ RunTime:0.000466s ]
INFO: [ view_template ] --START--
INFO: Run basic_template Behavior [ RunTime:-0.023221s ]
INFO: [ view_template ] --END-- [ RunTime:0.001038s ]
INFO: [ view_parse ] --START--
INFO: [ view_template ] --START--
INFO: Run basic_template Behavior [ RunTime:-0.027289s ]
INFO: [ view_template ] --END-- [ RunTime:-0.003029s ]
INFO: [ view_template ] --START--
INFO: Run basic_template Behavior [ RunTime:-0.028049s ]
INFO: [ view_template ] --END-- [ RunTime:-0.003785s ]
INFO: [ view_template ] --START--
INFO: Run basic_template Behavior [ RunTime:-0.028756s ]
INFO: [ view_template ] --END-- [ RunTime:-0.004498s ]
INFO: [ view_template ] --START--
INFO: Run basic_template Behavior [ RunTime:-0.029412s ]
INFO: [ view_template ] --END-- [ RunTime:-0.005153s ]
INFO: Run ParseTemplate Behavior [ RunTime:-0.029412s ]
INFO: [ view_parse ] --END-- [ RunTime:0.020946s ]
INFO: [ view_filter ] --START--
INFO: Run ContentReplace Behavior [ RunTime:-0.045287s ]
INFO: Run TokenBuild Behavior [ RunTime:-0.046121s ]
INFO: Run WriteHtmlCache Behavior [ RunTime:-0.046608s ]
INFO: Run ShowRuntime Behavior [ RunTime:-0.046996s ]
INFO: Run content_replace Behavior [ RunTime:-0.047549s ]
INFO: [ view_filter ] --END-- [ RunTime:0.002705s ]
INFO: [ view_end ] --START--
INFO: Run ShowPageTrace Behavior [ RunTime:-0.048071s ]
INFO: [ view_end ] --END-- [ RunTime:0.000712s ]

[ 2013-04-26T00:43:08+08:00 ] 127.0.0.1 /yungo/
INFO: [ app_begin ] --START--
INFO: Run ReadHtmlCache Behavior [ RunTime:0.000629s ]
SQL: SHOW COLUMNS FROM `pin_ipban` [ RunTime:0.001490s ]
SQL: DELETE FROM `pin_ipban` WHERE expires_time <> 0 AND expires_time < 1366908188 [ RunTime:0.000110s ]
SQL: SELECT COUNT(*) AS tp_count FROM `pin_ipban` WHERE ( `type` = 'ip' ) AND ( `name` = '127.0.0.1' ) LIMIT 1   [ RunTime:0.000117s ]
INFO: Run check_ipban Behavior [ RunTime:-0.000029s ]
INFO: Run load_lang Behavior [ RunTime:-0.011139s ]
INFO: [ app_begin ] --END-- [ RunTime:0.012985s ]
SQL: SHOW COLUMNS FROM `pin_item` [ RunTime:0.001687s ]
SQL: SELECT COUNT(id) AS tp_count FROM `pin_item` WHERE ( `status` = 1 ) LIMIT 1   [ RunTime:0.000182s ]
SQL: SELECT `id`,`uid`,`uname`,`title`,`intro`,`img`,`price`,`likes`,`comments`,`comments_cache` FROM `pin_item` WHERE ( `status` = 1 ) ORDER BY id DESC LIMIT 0,30   [ RunTime:0.000475s ]
INFO: [ view_template ] --START--
INFO: Run basic_template Behavior [ RunTime:-0.021959s ]
INFO: [ view_template ] --END-- [ RunTime:0.001029s ]
INFO: [ view_parse ] --START--
INFO: [ view_template ] --START--
INFO: Run basic_template Behavior [ RunTime:-0.025508s ]
INFO: [ view_template ] --END-- [ RunTime:-0.002518s ]
INFO: [ view_template ] --START--
INFO: Run basic_template Behavior [ RunTime:-0.026191s ]
INFO: [ view_template ] --END-- [ RunTime:-0.003202s ]
INFO: [ view_template ] --START--
INFO: Run basic_template Behavior [ RunTime:-0.026829s ]
INFO: [ view_template ] --END-- [ RunTime:-0.003841s ]
INFO: [ view_template ] --START--
INFO: Run basic_template Behavior [ RunTime:-0.027554s ]
INFO: [ view_template ] --END-- [ RunTime:-0.004544s ]
INFO: Run ParseTemplate Behavior [ RunTime:-0.027554s ]
INFO: [ view_parse ] --END-- [ RunTime:0.020641s ]
INFO: [ view_filter ] --START--
INFO: Run ContentReplace Behavior [ RunTime:-0.043710s ]
INFO: Run TokenBuild Behavior [ RunTime:-0.044477s ]
INFO: Run WriteHtmlCache Behavior [ RunTime:-0.044964s ]
INFO: Run ShowRuntime Behavior [ RunTime:-0.045352s ]
INFO: Run content_replace Behavior [ RunTime:-0.045904s ]
INFO: [ view_filter ] --END-- [ RunTime:0.002614s ]
INFO: [ view_end ] --START--
INFO: Run ShowPageTrace Behavior [ RunTime:-0.046376s ]
INFO: [ view_end ] --END-- [ RunTime:0.000696s ]

[ 2013-04-26T00:43:29+08:00 ] 127.0.0.1 /yungo/
INFO: [ app_begin ] --START--
INFO: Run ReadHtmlCache Behavior [ RunTime:0.000591s ]
SQL: SHOW COLUMNS FROM `pin_ipban` [ RunTime:0.001502s ]
SQL: DELETE FROM `pin_ipban` WHERE expires_time <> 0 AND expires_time < 1366908209 [ RunTime:0.000148s ]
SQL: SELECT COUNT(*) AS tp_count FROM `pin_ipban` WHERE ( `type` = 'ip' ) AND ( `name` = '127.0.0.1' ) LIMIT 1   [ RunTime:0.000155s ]
INFO: Run check_ipban Behavior [ RunTime:-0.000028s ]
INFO: Run load_lang Behavior [ RunTime:-0.020341s ]
INFO: [ app_begin ] --END-- [ RunTime:0.022171s ]
SQL: SHOW COLUMNS FROM `pin_item` [ RunTime:0.002135s ]
SQL: SELECT COUNT(id) AS tp_count FROM `pin_item` WHERE ( `status` = 1 ) LIMIT 1   [ RunTime:0.000204s ]
SQL: SELECT `id`,`uid`,`uname`,`title`,`intro`,`img`,`price`,`likes`,`comments`,`comments_cache` FROM `pin_item` WHERE ( `status` = 1 ) ORDER BY id DESC LIMIT 0,30   [ RunTime:0.000492s ]
INFO: [ view_template ] --START--
INFO: Run basic_template Behavior [ RunTime:-0.031704s ]
INFO: [ view_template ] --END-- [ RunTime:0.000938s ]
INFO: [ view_parse ] --START--
INFO: [ view_template ] --START--
INFO: Run basic_template Behavior [ RunTime:-0.035175s ]
INFO: [ view_template ] --END-- [ RunTime:-0.002535s ]
INFO: [ view_template ] --START--
INFO: Run basic_template Behavior [ RunTime:-0.035868s ]
INFO: [ view_template ] --END-- [ RunTime:-0.003230s ]
INFO: [ view_template ] --START--
INFO: Run basic_template Behavior [ RunTime:-0.037002s ]
INFO: [ view_template ] --END-- [ RunTime:-0.004364s ]
INFO: [ view_template ] --START--
INFO: Run basic_template Behavior [ RunTime:-0.037696s ]
INFO: [ view_template ] --END-- [ RunTime:-0.005058s ]
INFO: Run ParseTemplate Behavior [ RunTime:-0.037696s ]
INFO: [ view_parse ] --END-- [ RunTime:0.020263s ]
INFO: [ view_filter ] --START--
INFO: Run ContentReplace Behavior [ RunTime:-0.052975s ]
INFO: Run TokenBuild Behavior [ RunTime:-0.053678s ]
INFO: Run WriteHtmlCache Behavior [ RunTime:-0.054113s ]
INFO: Run ShowRuntime Behavior [ RunTime:-0.054495s ]
INFO: Run content_replace Behavior [ RunTime:-0.054988s ]
INFO: [ view_filter ] --END-- [ RunTime:0.002389s ]
INFO: [ view_end ] --START--
INFO: Run ShowPageTrace Behavior [ RunTime:-0.055458s ]
INFO: [ view_end ] --END-- [ RunTime:0.000648s ]

